<?xml version="1.0" encoding="UTF-8"?>
<!-- Generated by org.testng.reporters.JUnitXMLReporter -->
<testsuite hostname="MacBook-Pro-Ivan.local" ignored="1" tests="6" failures="0" timestamp="2021-07-05T21:29:21 EEST" time="30.197" errors="0">
  <testcase name="letters" time="15.757" classname="ReadingLetters"/>
  <testcase name="letters" time="3.395" classname="ReadingLetters"/>
  <testcase name="letters" time="2.773" classname="ReadingLetters"/>
  <testcase name="surfing" time="2.329" classname="ReadingLetters"/>
  <testcase name="surfing" time="2.297" classname="ReadingLetters"/>
  <testcase name="surfing" time="2.545" classname="ReadingLetters"/>
  <testcase name="tasks" time="0.0" classname="ReadingLetters">
    <ignored/>
  </testcase> <!-- tasks -->
</testsuite>
