<?xml version="1.0" encoding="UTF-8"?>
<!-- Generated by org.testng.reporters.JUnitXMLReporter -->
<testsuite ignored="1" hostname="MacBook-Pro-Ivan.local" failures="0" tests="6" name="Just Reading" time="71.196" errors="0" timestamp="2021-07-23T18:54:57 EEST">
  <testcase classname="ReadingLetters" name="letters" time="14.7"/>
  <testcase classname="ReadingLetters" name="letters" time="2.961"/>
  <testcase classname="ReadingLetters" name="letters" time="3.173"/>
  <testcase classname="ReadingLetters" name="surfing" time="42.867"/>
  <testcase classname="ReadingLetters" name="surfing" time="3.306"/>
  <testcase classname="ReadingLetters" name="surfing" time="3.201"/>
  <testcase classname="ReadingLetters" name="tasks" time="0.0">
    <ignored/>
  </testcase> <!-- tasks -->
</testsuite> <!-- Just Reading -->
