<?xml version="1.0" encoding="UTF-8"?>
<!-- Generated by org.testng.reporters.JUnitXMLReporter -->
<testsuite hostname="MacBook-Ivan.local" ignored="0" tests="6" failures="0" timestamp="2019-11-08T14:19:12 EET" time="82.145" errors="0">
  <testcase name="letters" time="39.34" classname="ReadingLetters"/>
  <testcase name="letters" time="36.641" classname="ReadingLetters"/>
  <testcase name="surfing" time="1.304" classname="ReadingLetters"/>
  <testcase name="surfing" time="1.184" classname="ReadingLetters"/>
  <testcase name="tasks" time="1.44" classname="ReadingLetters"/>
  <testcase name="tasks" time="1.411" classname="ReadingLetters"/>
</testsuite>
