<?xml version="1.0" encoding="UTF-8"?>
<!-- Generated by org.testng.reporters.JUnitXMLReporter -->
<testsuite hostname="MacBook-Ivan.local" ignored="1" tests="2" failures="0" timestamp="2020-04-14T11:31:20 EEST" time="601.431" errors="0">
  <testcase name="letters" time="568.094" classname="ReadingLetters"/>
  <testcase name="surfing" time="32.253" classname="ReadingLetters"/>
  <testcase name="tasks" time="0.0" classname="ReadingLetters">
    <ignored/>
  </testcase> <!-- tasks -->
</testsuite>
