<?xml version="1.0" encoding="UTF-8"?>
<!-- Generated by org.testng.reporters.JUnitXMLReporter -->
<testsuite hostname="MacBook-Ivan.local" ignored="0" tests="6" failures="0" timestamp="2019-11-08T14:27:07 EET" time="12.776" errors="0">
  <testcase name="letters" time="3.918" classname="ReadingLetters"/>
  <testcase name="letters" time="1.486" classname="ReadingLetters"/>
  <testcase name="surfing" time="1.386" classname="ReadingLetters"/>
  <testcase name="surfing" time="1.549" classname="ReadingLetters"/>
  <testcase name="tasks" time="1.751" classname="ReadingLetters"/>
  <testcase name="tasks" time="1.773" classname="ReadingLetters"/>
</testsuite>
