<?xml version="1.0" encoding="UTF-8"?>
<testsuite xmlns:xsi="http://www.w3.org/2001/XMLSchema-instance" xsi:noNamespaceSchemaLocation="https://maven.apache.org/surefire/maven-surefire-plugin/xsd/surefire-test-report-3.0.xsd" version="3.0" name="TestSuite" time="40.606" tests="6" errors="0" skipped="0" failures="0">
  <properties>
[...]
</properties>
  <testcase name="letters" classname="ReadingLetters" time="15.76"/>
  <testcase name="letters" classname="ReadingLetters" time="3.393"/>
  <testcase name="letters" classname="ReadingLetters" time="2.772"/>
  <testcase name="surfing" classname="ReadingLetters" time="2.33"/>
  <testcase name="surfing" classname="ReadingLetters" time="2.297"/>
  <testcase name="surfing" classname="ReadingLetters" time="2.546"/>
</testsuite>