<?xml version="1.0" encoding="UTF-8"?>
<testng-results ignored="1" total="7" passed="6" failed="0" skipped="0">
  <reporter-output>
  </reporter-output>
  <suite started-at="2021-07-23T23:25:46 EEST" name="Filtering" finished-at="2021-07-23T23:26:04 EEST" duration-ms="18016">
    <groups>
    </groups>
    <test started-at="2021-07-23T23:25:46 EEST" name="Just Reading" finished-at="2021-07-23T23:26:04 EEST" duration-ms="18016">
      <class name="ReadingLetters">
        <test-method is-config="true" signature="setUp()[pri:0, instance:ReadingLetters@49e202ad]" started-at="2021-07-23T23:25:46 EEST" name="setUp" finished-at="2021-07-23T23:25:46 EEST" duration-ms="23" status="PASS">
          <reporter-output>
          </reporter-output>
        </test-method> <!-- setUp -->
        <test-method signature="letters(java.lang.String, java.lang.String)[pri:0, instance:ReadingLetters@49e202ad]" started-at="2021-07-23T23:25:47 EEST" name="letters" data-provider="Credentials" finished-at="2021-07-23T23:25:57 EEST" duration-ms="10379" status="PASS">
          <params>
            <param index="0">
              <value>
                <![CDATA[sigrom]]>
              </value>
            </param>
            <param index="1">
              <value>
                <![CDATA[morgissigrom]]>
              </value>
            </param>
          </params>
          <reporter-output>
          </reporter-output>
        </test-method> <!-- letters -->
        <test-method signature="letters(java.lang.String, java.lang.String)[pri:0, instance:ReadingLetters@49e202ad]" started-at="2021-07-23T23:25:57 EEST" name="letters" data-provider="Credentials" finished-at="2021-07-23T23:25:59 EEST" duration-ms="1506" status="PASS">
          <params>
            <param index="0">
              <value>
                <![CDATA[iwanschwm]]>
              </value>
            </param>
            <param index="1">
              <value>
                <![CDATA[Navi1891]]>
              </value>
            </param>
          </params>
          <reporter-output>
          </reporter-output>
        </test-method> <!-- letters -->
        <test-method signature="letters(java.lang.String, java.lang.String)[pri:0, instance:ReadingLetters@49e202ad]" started-at="2021-07-23T23:25:59 EEST" name="letters" data-provider="Credentials" finished-at="2021-07-23T23:26:00 EEST" duration-ms="1496" status="PASS">
          <params>
            <param index="0">
              <value>
                <![CDATA[vladbak71]]>
              </value>
            </param>
            <param index="1">
              <value>
                <![CDATA[vani1891]]>
              </value>
            </param>
          </params>
          <reporter-output>
          </reporter-output>
        </test-method> <!-- letters -->
        <test-method signature="surfing(java.lang.String, java.lang.String)[pri:0, instance:ReadingLetters@49e202ad]" started-at="2021-07-23T23:26:00 EEST" name="surfing" data-provider="Credentials" finished-at="2021-07-23T23:26:02 EEST" duration-ms="1244" status="PASS">
          <params>
            <param index="0">
              <value>
                <![CDATA[sigrom]]>
              </value>
            </param>
            <param index="1">
              <value>
                <![CDATA[morgissigrom]]>
              </value>
            </param>
          </params>
          <reporter-output>
          </reporter-output>
        </test-method> <!-- surfing -->
        <test-method signature="surfing(java.lang.String, java.lang.String)[pri:0, instance:ReadingLetters@49e202ad]" started-at="2021-07-23T23:26:02 EEST" name="surfing" data-provider="Credentials" finished-at="2021-07-23T23:26:03 EEST" duration-ms="1158" status="PASS">
          <params>
            <param index="0">
              <value>
                <![CDATA[iwanschwm]]>
              </value>
            </param>
            <param index="1">
              <value>
                <![CDATA[Navi1891]]>
              </value>
            </param>
          </params>
          <reporter-output>
          </reporter-output>
        </test-method> <!-- surfing -->
        <test-method signature="surfing(java.lang.String, java.lang.String)[pri:0, instance:ReadingLetters@49e202ad]" started-at="2021-07-23T23:26:03 EEST" name="surfing" data-provider="Credentials" finished-at="2021-07-23T23:26:04 EEST" duration-ms="1215" status="PASS">
          <params>
            <param index="0">
              <value>
                <![CDATA[vladbak71]]>
              </value>
            </param>
            <param index="1">
              <value>
                <![CDATA[vani1891]]>
              </value>
            </param>
          </params>
          <reporter-output>
          </reporter-output>
        </test-method> <!-- surfing -->
      </class> <!-- ReadingLetters -->
    </test> <!-- Just Reading -->
  </suite> <!-- Filtering -->
</testng-results>
